Using pre-set license
Built from '2020.3/staging' branch; Version is '2020.3.29f1 (2ff179115da0) revision 3142009'; Using compiler version '192528614'; Build Type 'Release'
OS: 'Windows 11  (10.0.22621) 64bit CoreSingleLanguage' Language: 'en' Physical Memory: 8000 MB
BatchMode: 1, IsHumanControllingUs: 0, StartBugReporterOnCrash: 0, Is64bit: 1, IsPro: 0

COMMAND LINE ARGUMENTS:
D:\Program Files\Unity\2020.3.29f1\Editor\Unity.exe
-adb2
-batchMode
-noUpm
-name
AssetImportWorker2
-projectPath
D:/Gamedev/project_teman_akas
-logFile
Logs/AssetImportWorker2.log
-srvPort
60276
Successfully changed project path to: D:/Gamedev/project_teman_akas
D:/Gamedev/project_teman_akas
Using Asset Import Pipeline V2.
Refreshing native plugins compatible for Editor in 141.50 ms, found 2 plugins.
Preloading 0 native plugins for Editor in 0.00 ms.
Initialize engine version: 2020.3.29f1 (2ff179115da0)
[Subsystems] Discovering subsystems at path D:/Program Files/Unity/2020.3.29f1/Editor/Data/Resources/UnitySubsystems
[Subsystems] Discovering subsystems at path D:/Gamedev/project_teman_akas/Assets
GfxDevice: creating device client; threaded=0
Direct3D:
    Version:  Direct3D 11.0 [level 11.1]
    Renderer: NVIDIA GeForce GTX 1650 (ID=0x1f91)
    Vendor:   
    VRAM:     3962 MB
    Driver:   30.0.15.1278
Initialize mono
Mono path[0] = 'D:/Program Files/Unity/2020.3.29f1/Editor/Data/Managed'
Mono path[1] = 'D:/Program Files/Unity/2020.3.29f1/Editor/Data/MonoBleedingEdge/lib/mono/unityjit'
Mono config path = 'D:/Program Files/Unity/2020.3.29f1/Editor/Data/MonoBleedingEdge/etc'
Using monoOptions --debugger-agent=transport=dt_socket,embedding=1,server=y,suspend=n,address=127.0.0.1:56620
Begin MonoManager ReloadAssembly
Registering precompiled unity dll's ...
Register platform support module: D:/Program Files/Unity/2020.3.29f1/Editor/Data/PlaybackEngines/WindowsStandaloneSupport/UnityEditor.WindowsStandalone.Extensions.dll
Registered in 0.002046 seconds.
Native extension for WindowsStandalone target not found
Refreshing native plugins compatible for Editor in 382.47 ms, found 2 plugins.
Preloading 0 native plugins for Editor in 0.00 ms.
Mono: successfully reloaded assembly
- Completed reload, in  3.545 seconds
Domain Reload Profiling:
	ReloadAssembly (3546ms)
		BeginReloadAssembly (514ms)
			ExecutionOrderSort (0ms)
			DisableScriptedObjects (0ms)
			BackupInstance (0ms)
			ReleaseScriptingObjects (0ms)
			CreateAndSetChildDomain (3ms)
		EndReloadAssembly (2845ms)
			LoadAssemblies (510ms)
			RebuildTransferFunctionScriptingTraits (0ms)
			SetupTypeCache (1181ms)
			ReleaseScriptCaches (0ms)
			RebuildScriptCaches (175ms)
			SetupLoadedEditorAssemblies (742ms)
				LogAssemblyErrors (0ms)
				InitializePlatformSupportModulesInManaged (58ms)
				SetLoadedEditorAssemblies (1ms)
				RefreshPlugins (383ms)
				BeforeProcessingInitializeOnLoad (12ms)
				ProcessInitializeOnLoadAttributes (144ms)
				ProcessInitializeOnLoadMethodAttributes (144ms)
				AfterProcessingInitializeOnLoad (0ms)
				EditorAssembliesLoaded (1ms)
			ExecutionOrderSort2 (0ms)
			AwakeInstancesAfterBackupRestoration (0ms)
Platform modules already initialized, skipping
Registering precompiled user dll's ...
Registered in 0.014096 seconds.
Begin MonoManager ReloadAssembly
Native extension for WindowsStandalone target not found
Refreshing native plugins compatible for Editor in 256.29 ms, found 2 plugins.
Preloading 0 native plugins for Editor in 0.00 ms.
Mono: successfully reloaded assembly
- Completed reload, in  7.150 seconds
Domain Reload Profiling:
	ReloadAssembly (7161ms)
		BeginReloadAssembly (333ms)
			ExecutionOrderSort (0ms)
			DisableScriptedObjects (15ms)
			BackupInstance (0ms)
			ReleaseScriptingObjects (0ms)
			CreateAndSetChildDomain (67ms)
		EndReloadAssembly (6714ms)
			LoadAssemblies (207ms)
			RebuildTransferFunctionScriptingTraits (0ms)
			SetupTypeCache (1111ms)
			ReleaseScriptCaches (1ms)
			RebuildScriptCaches (67ms)
			SetupLoadedEditorAssemblies (5146ms)
				LogAssemblyErrors (0ms)
				InitializePlatformSupportModulesInManaged (4ms)
				SetLoadedEditorAssemblies (0ms)
				RefreshPlugins (257ms)
				BeforeProcessingInitializeOnLoad (385ms)
				ProcessInitializeOnLoadAttributes (2253ms)
				ProcessInitializeOnLoadMethodAttributes (2242ms)
				AfterProcessingInitializeOnLoad (4ms)
				EditorAssembliesLoaded (1ms)
			ExecutionOrderSort2 (0ms)
			AwakeInstancesAfterBackupRestoration (14ms)
Platform modules already initialized, skipping
========================================================================
Worker process is ready to serve import requests
Launched and connected shader compiler UnityShaderCompiler.exe after 0.39 seconds
Refreshing native plugins compatible for Editor in 2.78 ms, found 2 plugins.
Preloading 0 native plugins for Editor in 0.00 ms.
Unloading 3560 Unused Serialized files (Serialized files now loaded: 0)
System memory in use before: 154.5 MB.
System memory in use after: 154.7 MB.

Unloading 56 unused Assets to reduce memory usage. Loaded Objects now: 3968.
Total: 17.479200 ms (FindLiveObjects: 0.834000 ms CreateObjectMapping: 0.566800 ms MarkObjects: 15.859600 ms  DeleteObjects: 0.215900 ms)

AssetImportParameters requested are different than current active one (requested -> active):
  custom:framework-win-MediaFoundation: 216162199b28c13a410421893ffa2e32 -> 
  custom:video-decoder-ogg-theora: a1e56fd34408186e4bbccfd4996cb3dc -> 
  custom:container-muxer-webm: aa71ff27fc2769a1b78a27578f13a17b -> 
  custom:container-demuxer-webm: 4f35f7cbe854078d1ac9338744f61a02 -> 
  custom:container-demuxer-ogg: 62fdf1f143b41e24485cea50d1cbac27 -> 
  custom:video-encoder-webm-vp8: eb34c28f22e8b96e1ab97ce403110664 -> 
  custom:video-codec-MediaFoundation-h265: 746d11721c4dcdbdad8f713fa42b33f4 -> 
  custom:video-decoder-webm-vp8: 9c59270c3fd7afecdb556c50c9e8de78 -> 
  custom:audio-decoder-ogg-vorbis: bf7c407c2cedff20999df2af8eb42d56 -> 
  custom:audio-encoder-webm-vorbis: bf7c407c2cedff20999df2af8eb42d56 -> 
========================================================================
Received Import Request.
  path: Assets/Prefabs
  artifactKey: Guid(f0313b0f90a77fc4499421c666222e8e) Importer(815301076,1909f56bfc062723c751e8b465ee728b)
Start importing Assets/Prefabs using Guid(f0313b0f90a77fc4499421c666222e8e) Importer(815301076,1909f56bfc062723c751e8b465ee728b)  -> (artifact id: '672c55b2d9a29b4d45e7de1224cd805a') in 0.028799 seconds 
  Import took 0.045724 seconds .

========================================================================
Received Import Request.
  Time since last request: 0.000454 seconds.
  path: Assets
  artifactKey: Guid(00000000000000001000000000000000) Importer(815301076,1909f56bfc062723c751e8b465ee728b)
Start importing Assets using Guid(00000000000000001000000000000000) Importer(815301076,1909f56bfc062723c751e8b465ee728b)  -> (artifact id: '42d402b061de3733987d63b9cc3b64de') in 0.014394 seconds 
  Import took 0.027599 seconds .

========================================================================
Received Import Request.
  Time since last request: 0.000493 seconds.
  path: Assets/Shaders
  artifactKey: Guid(a0ffabf32af5852489715eb587097538) Importer(815301076,1909f56bfc062723c751e8b465ee728b)
Start importing Assets/Shaders using Guid(a0ffabf32af5852489715eb587097538) Importer(815301076,1909f56bfc062723c751e8b465ee728b)  -> (artifact id: '33dee5d701c0cdf4183108abd7ca0bc3') in 0.021102 seconds 
  Import took 0.041327 seconds .

========================================================================
Received Import Request.
  Time since last request: 0.000448 seconds.
  path: Assets/Resources
  artifactKey: Guid(c1fe921bd098e1940ba0da9ef7f70e85) Importer(815301076,1909f56bfc062723c751e8b465ee728b)
Start importing Assets/Resources using Guid(c1fe921bd098e1940ba0da9ef7f70e85) Importer(815301076,1909f56bfc062723c751e8b465ee728b)  -> (artifact id: '95112f4a72e3e10eedb3b9894f2b83a1') in 0.021061 seconds 
  Import took 0.039816 seconds .

========================================================================
Received Import Request.
  Time since last request: 0.000705 seconds.
  path: Assets/Post Processing/Forward Rendering.asset
  artifactKey: Guid(4ba295beefbbd0342b305a7fb1b821f9) Importer(815301076,1909f56bfc062723c751e8b465ee728b)
Start importing Assets/Post Processing/Forward Rendering.asset using Guid(4ba295beefbbd0342b305a7fb1b821f9) Importer(815301076,1909f56bfc062723c751e8b465ee728b)  -> (artifact id: 'd6f1f4748535e1d7c379bfacf7ebfe51') in 0.117724 seconds 
  Import took 0.132133 seconds .

========================================================================
Received Import Request.
  Time since last request: 0.000401 seconds.
  path: Assets/TextMesh Pro
  artifactKey: Guid(f54d1bd14bd3ca042bd867b519fee8cc) Importer(815301076,1909f56bfc062723c751e8b465ee728b)
Start importing Assets/TextMesh Pro using Guid(f54d1bd14bd3ca042bd867b519fee8cc) Importer(815301076,1909f56bfc062723c751e8b465ee728b)  -> (artifact id: '6170b652e791f28e2dae01803c8e71bf') in 0.013136 seconds 
  Import took 0.026014 seconds .

========================================================================
Received Import Request.
  Time since last request: 0.000697 seconds.
  path: Assets/Post Processing/URP Asset.asset
  artifactKey: Guid(701e2888503656b46aef9a9cab40269c) Importer(815301076,1909f56bfc062723c751e8b465ee728b)
Start importing Assets/Post Processing/URP Asset.asset using Guid(701e2888503656b46aef9a9cab40269c) Importer(815301076,1909f56bfc062723c751e8b465ee728b)  -> (artifact id: '8e2c040b269ee90d0ec0f61d9dfba196') in 0.019679 seconds 
  Import took 0.037372 seconds .

========================================================================
Received Import Request.
  Time since last request: 0.000652 seconds.
  path: Assets/Scenes
  artifactKey: Guid(1de55e8b82d724a44a488d74facf32d5) Importer(815301076,1909f56bfc062723c751e8b465ee728b)
Start importing Assets/Scenes using Guid(1de55e8b82d724a44a488d74facf32d5) Importer(815301076,1909f56bfc062723c751e8b465ee728b)  -> (artifact id: '8a9485a92cbc91771e1c973e688829d9') in 0.014278 seconds 
  Import took 0.030735 seconds .

========================================================================
Received Import Request.
  Time since last request: 0.000676 seconds.
  path: Assets/Sprites
  artifactKey: Guid(30e0618ff778a434cb6983305390ba1a) Importer(815301076,1909f56bfc062723c751e8b465ee728b)
Start importing Assets/Sprites using Guid(30e0618ff778a434cb6983305390ba1a) Importer(815301076,1909f56bfc062723c751e8b465ee728b)  -> (artifact id: '4f017092e923d2abe00d17edec720cbe') in 0.026082 seconds 
  Import took 0.043223 seconds .

========================================================================
Received Import Request.
  Time since last request: 0.000502 seconds.
  path: Assets/Post Processing/URP Asset_Renderer.asset
  artifactKey: Guid(2390333bba6afd4419c42865566716b7) Importer(815301076,1909f56bfc062723c751e8b465ee728b)
Start importing Assets/Post Processing/URP Asset_Renderer.asset using Guid(2390333bba6afd4419c42865566716b7) Importer(815301076,1909f56bfc062723c751e8b465ee728b)  -> (artifact id: '8aadd2b520f6129da962706958d3c721') in 0.020898 seconds 
  Import took 0.037053 seconds .

========================================================================
Received Import Request.
  Time since last request: 0.000464 seconds.
  path: Assets/Post Processing
  artifactKey: Guid(c9ea528e951c3074ba1612aa0f6d77e3) Importer(815301076,1909f56bfc062723c751e8b465ee728b)
Start importing Assets/Post Processing using Guid(c9ea528e951c3074ba1612aa0f6d77e3) Importer(815301076,1909f56bfc062723c751e8b465ee728b)  -> (artifact id: 'aa6123a3c7bd44076bd12a5423f537ad') in 0.013532 seconds 
  Import took 0.027213 seconds .

========================================================================
Received Import Request.
  Time since last request: 0.000404 seconds.
  path: Assets/Scripts
  artifactKey: Guid(139202a10b7588f429c86ccad2ad5498) Importer(815301076,1909f56bfc062723c751e8b465ee728b)
Start importing Assets/Scripts using Guid(139202a10b7588f429c86ccad2ad5498) Importer(815301076,1909f56bfc062723c751e8b465ee728b)  -> (artifact id: 'd1ca0d3ea1e99f5674098e5bd1e3813b') in 0.014555 seconds 
  Import took 0.026972 seconds .

========================================================================
Received Import Request.
  Time since last request: 162.955388 seconds.
  path: Assets/Assets
  artifactKey: Guid(2f2a0b905a24d7649832b7ef5ab2d00b) Importer(815301076,1909f56bfc062723c751e8b465ee728b)
Start importing Assets/Assets using Guid(2f2a0b905a24d7649832b7ef5ab2d00b) Importer(815301076,1909f56bfc062723c751e8b465ee728b)  -> (artifact id: 'cb3ff9f928d37b81fd6aff1bc681799d') in 0.005591 seconds 
  Import took 0.014546 seconds .

AssetImportWorkerClient::OnTransportError - code=2 error=End of file
